<?xml version="1.0" encoding="UTF-8"?>
<testng-results ignored="0" total="1" passed="1" failed="0" skipped="0">
  <reporter-output>
  </reporter-output>
  <suite started-at="2025-09-18T13:07:24 PKT" name="Surefire suite" finished-at="2025-09-18T13:07:48 PKT" duration-ms="23570">
    <groups>
      <group name="cucumber">
        <method signature="AbstractTestNGCucumberTests.runScenario(io.cucumber.testng.PickleWrapper,io.cucumber.testng.FeatureWrapper)[pri:0, instance:runners.TestRunner@657c8ad9]" name="runScenario" class="io.cucumber.testng.AbstractTestNGCucumberTests"/>
      </group> <!-- cucumber -->
    </groups>
    <test started-at="2025-09-18T13:07:24 PKT" name="Surefire test" finished-at="2025-09-18T13:07:48 PKT" duration-ms="23570">
      <class name="runners.TestRunner">
        <test-method is-config="true" signature="setUpClass(org.testng.ITestContext)[pri:0, instance:runners.TestRunner@657c8ad9]" started-at="2025-09-18T13:07:24 PKT" name="setUpClass" finished-at="2025-09-18T13:07:24 PKT" duration-ms="174" status="PASS">
          <params>
            <param index="0">
              <value>
                <![CDATA[org.testng.TestRunner@704641e3]]>
              </value>
            </param>
          </params>
          <reporter-output>
          </reporter-output>
        </test-method> <!-- setUpClass -->
        <test-method signature="runScenario(io.cucumber.testng.PickleWrapper,io.cucumber.testng.FeatureWrapper)[pri:0, instance:runners.TestRunner@657c8ad9]" started-at="2025-09-18T13:07:24 PKT" name="runScenario" description="Runs Cucumber Scenarios" data-provider="scenarios" finished-at="2025-09-18T13:07:48 PKT" duration-ms="23365" status="PASS">
          <params>
            <param index="0">
              <value>
                <![CDATA["Demo QA elements"]]>
              </value>
            </param>
            <param index="1">
              <value>
                <![CDATA["Demo QA Elements Page Test"]]>
              </value>
            </param>
          </params>
          <reporter-output>
          </reporter-output>
        </test-method> <!-- runScenario -->
        <test-method is-config="true" signature="tearDownClass()[pri:0, instance:runners.TestRunner@657c8ad9]" started-at="2025-09-18T13:07:48 PKT" name="tearDownClass" finished-at="2025-09-18T13:07:48 PKT" duration-ms="18" status="PASS">
          <reporter-output>
          </reporter-output>
        </test-method> <!-- tearDownClass -->
      </class> <!-- runners.TestRunner -->
    </test> <!-- Surefire test -->
  </suite> <!-- Surefire suite -->
</testng-results>
