<?xml version="1.0" encoding="UTF-8"?>
<testsuite xmlns:xsi="http://www.w3.org/2001/XMLSchema-instance" xsi:noNamespaceSchemaLocation="https://maven.apache.org/surefire/maven-surefire-plugin/xsd/surefire-test-report-3.0.xsd" version="3.0" name="runners.TestRunner" time="23.704" tests="1" errors="0" skipped="0" failures="0">
  <properties>
[...]
</properties>
  <testcase name="runScenario[&quot;Demo QA elements&quot;, &quot;Demo QA Elements Page Test&quot;](1)" classname="runners.TestRunner" time="23.367">
    <system-out><![CDATA[
Scenario: Demo QA elements                                  # src/test/resources/features/demoqa.feature:2
  Given I am on the Demo QA page "https://demoqa.com/"      # stepdefinitions.DemoQASteps.i_am_on_the_demo_qa_page(java.lang.String)
  When I click on Elements tab                              # stepdefinitions.DemoQASteps.i_click_on_elements_tab()
  Then I am navigated to page "https://demoqa.com/elements" # stepdefinitions.DemoQASteps.i_am_navigated_to_page(java.lang.String)
  When I click on Text Box link                             # stepdefinitions.DemoQASteps.i_click_on_text_box_link()
  Then I can see Text Box fields                            # stepdefinitions.DemoQASteps.i_can_see_text_box_fields()
  When I enter "John Doe" in the Full Name field            # stepdefinitions.DemoQASteps.i_enter_in_the_full_name_field(java.lang.String)
]]></system-out>
    <system-err><![CDATA[SLF4J: Failed to load class "org.slf4j.impl.StaticLoggerBinder".
SLF4J: Defaulting to no-operation (NOP) logger implementation
SLF4J: See http://www.slf4j.org/codes.html#StaticLoggerBinder for further details.
Sep 18, 2025 1:07:40 PM org.openqa.selenium.devtools.CdpVersionFinder findNearestMatch
WARNING: Unable to find CDP implementation matching 140
Sep 18, 2025 1:07:40 PM org.openqa.selenium.chromium.ChromiumDriver lambda$new$5
WARNING: Unable to find version of CDP to use for 140.0.7339.133. You may need to include a dependency on a specific version of the CDP using something similar to `org.seleniumhq.selenium:selenium-devtools-v86:4.23.0` where the version ("v86") matches the version of the chromium-based browser you're using and the version number of the artifact is the same as Selenium's.
]]></system-err>
  </testcase>
</testsuite>